<?xml version="1.0" encoding="UTF-8"?>
<testsuite xmlns:xsi="http://www.w3.org/2001/XMLSchema-instance" xsi:noNamespaceSchemaLocation="https://maven.apache.org/surefire/maven-surefire-plugin/xsd/surefire-test-report-3.0.xsd" version="3.0" name="se233.project2.GameCharacterActionTest" time="0.18" tests="13" errors="0" skipped="0" failures="0">
  <properties>
[...]
</properties>
  <testcase name="testShootDownWhileMoving" classname="se233.project2.GameCharacterActionTest" time="0.14"/>
  <testcase name="testShootingUp" classname="se233.project2.GameCharacterActionTest" time="0.006"/>
  <testcase name="testNoMovementWhenDead" classname="se233.project2.GameCharacterActionTest" time="0.003"/>
  <testcase name="testDeathState" classname="se233.project2.GameCharacterActionTest" time="0.002"/>
  <testcase name="testShootingAction" classname="se233.project2.GameCharacterActionTest" time="0.002"/>
  <testcase name="testShootingDown" classname="se233.project2.GameCharacterActionTest" time="0.002"/>
  <testcase name="testCannotShootWhenDead" classname="se233.project2.GameCharacterActionTest" time="0.002"/>
  <testcase name="testMultipleActions" classname="se233.project2.GameCharacterActionTest" time="0.002"/>
  <testcase name="testGetCenterPosition" classname="se233.project2.GameCharacterActionTest" time="0.002"/>
  <testcase name="testShootUpWhileMoving" classname="se233.project2.GameCharacterActionTest" time="0.002"/>
  <testcase name="testFacingDirection" classname="se233.project2.GameCharacterActionTest" time="0.002"/>
  <testcase name="testShootWhileMoving" classname="se233.project2.GameCharacterActionTest" time="0.002"/>
  <testcase name="testActionPriority" classname="se233.project2.GameCharacterActionTest" time="0.002"/>
</testsuite>